d:\workbench\portfolio\copymaple2\client\default\x64\release\client.pch
d:\workbench\portfolio\copymaple2\client\default\x64\release\vc143.pdb
d:\workbench\portfolio\copymaple2\client\default\x64\release\client.pchast
d:\workbench\portfolio\copymaple2\client\default\x64\release\stdafx.nativecodeanalysis.sarif
d:\workbench\portfolio\copymaple2\client\default\x64\release\stdafx.nativecodeanalysis.xml
d:\workbench\portfolio\copymaple2\client\default\x64\release\stdafx.obj
d:\workbench\portfolio\copymaple2\client\default\x64\release\background.nativecodeanalysis.sarif
d:\workbench\portfolio\copymaple2\client\default\x64\release\background.nativecodeanalysis.xml
d:\workbench\portfolio\copymaple2\client\default\x64\release\builder.nativecodeanalysis.sarif
d:\workbench\portfolio\copymaple2\client\default\x64\release\builder.nativecodeanalysis.xml
d:\workbench\portfolio\copymaple2\client\default\x64\release\itemdatabase.nativecodeanalysis.sarif
d:\workbench\portfolio\copymaple2\client\default\x64\release\itemdatabase.nativecodeanalysis.xml
d:\workbench\portfolio\copymaple2\client\default\x64\release\modelobject.nativecodeanalysis.sarif
d:\workbench\portfolio\copymaple2\client\default\x64\release\modelobject.nativecodeanalysis.xml
d:\workbench\portfolio\copymaple2\client\default\x64\release\camera_free.nativecodeanalysis.sarif
d:\workbench\portfolio\copymaple2\client\default\x64\release\camera_free.nativecodeanalysis.xml
d:\workbench\portfolio\copymaple2\client\default\x64\release\camera_trace.nativecodeanalysis.sarif
d:\workbench\portfolio\copymaple2\client\default\x64\release\camera_trace.nativecodeanalysis.xml
d:\workbench\portfolio\copymaple2\client\default\x64\release\canvas.nativecodeanalysis.sarif
d:\workbench\portfolio\copymaple2\client\default\x64\release\canvas.nativecodeanalysis.xml
d:\workbench\portfolio\copymaple2\client\default\x64\release\homedialog.nativecodeanalysis.sarif
d:\workbench\portfolio\copymaple2\client\default\x64\release\homedialog.nativecodeanalysis.xml
d:\workbench\portfolio\copymaple2\client\default\x64\release\item.nativecodeanalysis.sarif
d:\workbench\portfolio\copymaple2\client\default\x64\release\item.nativecodeanalysis.xml
d:\workbench\portfolio\copymaple2\client\default\x64\release\level_gameplay.nativecodeanalysis.sarif
d:\workbench\portfolio\copymaple2\client\default\x64\release\level_gameplay.nativecodeanalysis.xml
d:\workbench\portfolio\copymaple2\client\default\x64\release\level_home.nativecodeanalysis.sarif
d:\workbench\portfolio\copymaple2\client\default\x64\release\level_home.nativecodeanalysis.xml
d:\workbench\portfolio\copymaple2\client\default\x64\release\level_loading.nativecodeanalysis.sarif
d:\workbench\portfolio\copymaple2\client\default\x64\release\level_loading.nativecodeanalysis.xml
d:\workbench\portfolio\copymaple2\client\default\x64\release\level_logo.nativecodeanalysis.sarif
d:\workbench\portfolio\copymaple2\client\default\x64\release\level_logo.nativecodeanalysis.xml
d:\workbench\portfolio\copymaple2\client\default\x64\release\loader.nativecodeanalysis.sarif
d:\workbench\portfolio\copymaple2\client\default\x64\release\loader.nativecodeanalysis.xml
d:\workbench\portfolio\copymaple2\client\default\x64\release\mainapp.nativecodeanalysis.sarif
d:\workbench\portfolio\copymaple2\client\default\x64\release\mainapp.nativecodeanalysis.xml
d:\workbench\portfolio\copymaple2\client\default\x64\release\mytransform.nativecodeanalysis.sarif
d:\workbench\portfolio\copymaple2\client\default\x64\release\mytransform.nativecodeanalysis.xml
d:\workbench\portfolio\copymaple2\client\default\x64\release\player.nativecodeanalysis.sarif
d:\workbench\portfolio\copymaple2\client\default\x64\release\player.nativecodeanalysis.xml
d:\workbench\portfolio\copymaple2\client\default\x64\release\espa22c.tmp
d:\workbench\portfolio\copymaple2\client\default\x64\release\terrain.nativecodeanalysis.sarif
d:\workbench\portfolio\copymaple2\client\default\x64\release\terrain.nativecodeanalysis.xml
d:\workbench\portfolio\copymaple2\client\default\x64\release\espb5f7.tmp
d:\workbench\portfolio\copymaple2\client\default\x64\release\terrain.obj
d:\workbench\portfolio\copymaple2\client\default\x64\release\player.obj
d:\workbench\portfolio\copymaple2\client\default\x64\release\mytransform.obj
d:\workbench\portfolio\copymaple2\client\default\x64\release\mainapp.obj
d:\workbench\portfolio\copymaple2\client\default\x64\release\loader.obj
d:\workbench\portfolio\copymaple2\client\default\x64\release\level_logo.obj
d:\workbench\portfolio\copymaple2\client\default\x64\release\level_loading.obj
d:\workbench\portfolio\copymaple2\client\default\x64\release\level_home.obj
d:\workbench\portfolio\copymaple2\client\default\x64\release\level_gameplay.obj
d:\workbench\portfolio\copymaple2\client\default\x64\release\item.obj
d:\workbench\portfolio\copymaple2\client\default\x64\release\homedialog.obj
d:\workbench\portfolio\copymaple2\client\default\x64\release\canvas.obj
d:\workbench\portfolio\copymaple2\client\default\x64\release\camera_trace.obj
d:\workbench\portfolio\copymaple2\client\default\x64\release\camera_free.obj
d:\workbench\portfolio\copymaple2\client\default\x64\release\modelobject.obj
d:\workbench\portfolio\copymaple2\client\default\x64\release\itemdatabase.obj
d:\workbench\portfolio\copymaple2\client\default\x64\release\builder.obj
d:\workbench\portfolio\copymaple2\client\default\x64\release\background.obj
d:\workbench\portfolio\copymaple2\client\default\x64\release\uibutton.nativecodeanalysis.sarif
d:\workbench\portfolio\copymaple2\client\default\x64\release\uibutton.nativecodeanalysis.xml
d:\workbench\portfolio\copymaple2\client\default\x64\release\uipanel.nativecodeanalysis.sarif
d:\workbench\portfolio\copymaple2\client\default\x64\release\uipanel.nativecodeanalysis.xml
d:\workbench\portfolio\copymaple2\client\default\x64\release\uiitemindicator.nativecodeanalysis.sarif
d:\workbench\portfolio\copymaple2\client\default\x64\release\uiitemindicator.nativecodeanalysis.xml
d:\workbench\portfolio\copymaple2\client\default\x64\release\client.nativecodeanalysis.sarif
d:\workbench\portfolio\copymaple2\client\default\x64\release\client.nativecodeanalysis.xml
d:\workbench\portfolio\copymaple2\client\default\x64\release\client_utility.nativecodeanalysis.sarif
d:\workbench\portfolio\copymaple2\client\default\x64\release\client_utility.nativecodeanalysis.xml
d:\workbench\portfolio\copymaple2\client\default\x64\release\jsonparser.nativecodeanalysis.sarif
d:\workbench\portfolio\copymaple2\client\default\x64\release\jsonparser.nativecodeanalysis.xml
d:\workbench\portfolio\copymaple2\client\default\x64\release\jsonparser.obj
d:\workbench\portfolio\copymaple2\client\default\x64\release\client_utility.obj
d:\workbench\portfolio\copymaple2\client\default\x64\release\client.obj
d:\workbench\portfolio\copymaple2\client\default\x64\release\uiitemindicator.obj
d:\workbench\portfolio\copymaple2\client\default\x64\release\uipanel.obj
d:\workbench\portfolio\copymaple2\client\default\x64\release\uibutton.obj
d:\workbench\portfolio\copymaple2\client\bin\shader_vtxmesh.cso
d:\workbench\portfolio\copymaple2\client\bin\shader_vtxnortex.cso
d:\workbench\portfolio\copymaple2\client\bin\shader_vtxpostex.cso
d:\workbench\portfolio\copymaple2\client\default\x64\release\client.tlog\cl.command.1.tlog
d:\workbench\portfolio\copymaple2\client\default\x64\release\client.tlog\cl.read.1.tlog
d:\workbench\portfolio\copymaple2\client\default\x64\release\client.tlog\cl.write.1.tlog
d:\workbench\portfolio\copymaple2\client\default\x64\release\client.tlog\fxc.command.1.tlog
d:\workbench\portfolio\copymaple2\client\default\x64\release\client.tlog\fxc.read.1.tlog
d:\workbench\portfolio\copymaple2\client\default\x64\release\client.tlog\fxc.write.1.tlog
