  Builder.cpp
D:\Workbench\Portfolio\CopyMaple2\EngineSDK\Inc\Engine_Struct.h(76,2): warning C5208: typedef 이름에 사용되는 명명되지 않은 클래스가 비정적 데이터 멤버, 멤버 열거형 또는 멤버 클래스 이외의 멤버를 선언할 수 없습니다.
  (소스 파일 '/Private/Builder.cpp'을(를) 컴파일하는 중)
  
D:\Workbench\Portfolio\CopyMaple2\EngineSDK\Inc\MeshCollider.h(7,12): warning C4275: DLL 인터페이스가 아닌 class 'Engine::CCollider'이(가) DLL 인터페이스 class 'Engine::CMeshCollider'의 기본으로 사용되었습니다.
  (소스 파일 '/Private/Builder.cpp'을(를) 컴파일하는 중)
      D:\Workbench\Portfolio\CopyMaple2\EngineSDK\Inc\Collider.h(4,7):
      'Engine::CCollider' 선언을 참조하십시오.
      D:\Workbench\Portfolio\CopyMaple2\EngineSDK\Inc\MeshCollider.h(6,18):
      'Engine::CMeshCollider' 선언을 참조하십시오.
  
  Camera_Free.cpp
D:\Workbench\Portfolio\CopyMaple2\EngineSDK\Inc\Engine_Struct.h(76,2): warning C5208: typedef 이름에 사용되는 명명되지 않은 클래스가 비정적 데이터 멤버, 멤버 열거형 또는 멤버 클래스 이외의 멤버를 선언할 수 없습니다.
  (소스 파일 '/Private/Camera_Free.cpp'을(를) 컴파일하는 중)
  
D:\Workbench\Portfolio\CopyMaple2\Client\Public\Camera_Free.h(11,17): warning C5208: typedef 이름에 사용되는 명명되지 않은 클래스가 비정적 데이터 멤버, 멤버 열거형 또는 멤버 클래스 이외의 멤버를 선언할 수 없습니다.
  (소스 파일 '/Private/Camera_Free.cpp'을(를) 컴파일하는 중)
  
  Camera_Trace.cpp
D:\Workbench\Portfolio\CopyMaple2\EngineSDK\Inc\Engine_Struct.h(76,2): warning C5208: typedef 이름에 사용되는 명명되지 않은 클래스가 비정적 데이터 멤버, 멤버 열거형 또는 멤버 클래스 이외의 멤버를 선언할 수 없습니다.
  (소스 파일 '/Private/Camera_Trace.cpp'을(를) 컴파일하는 중)
  
  Canvas.cpp
D:\Workbench\Portfolio\CopyMaple2\EngineSDK\Inc\Engine_Struct.h(76,2): warning C5208: typedef 이름에 사용되는 명명되지 않은 클래스가 비정적 데이터 멤버, 멤버 열거형 또는 멤버 클래스 이외의 멤버를 선언할 수 없습니다.
  (소스 파일 '/Private/Canvas.cpp'을(를) 컴파일하는 중)
  
D:\Workbench\Portfolio\CopyMaple2\Client\Public\Canvas.h(10,17): warning C5208: typedef 이름에 사용되는 명명되지 않은 클래스가 비정적 데이터 멤버, 멤버 열거형 또는 멤버 클래스 이외의 멤버를 선언할 수 없습니다.
  (소스 파일 '/Private/Canvas.cpp'을(를) 컴파일하는 중)
  
  CubeTerrain.cpp
D:\Workbench\Portfolio\CopyMaple2\EngineSDK\Inc\Engine_Struct.h(76,2): warning C5208: typedef 이름에 사용되는 명명되지 않은 클래스가 비정적 데이터 멤버, 멤버 열거형 또는 멤버 클래스 이외의 멤버를 선언할 수 없습니다.
  (소스 파일 '/Private/CubeTerrain.cpp'을(를) 컴파일하는 중)
  
D:\Workbench\Portfolio\CopyMaple2\Client\Private\CubeTerrain.cpp(122,16): warning C4244: '=': 'Engine::_uint'에서 'float'(으)로 변환하면서 데이터가 손실될 수 있습니다.
  (소스 파일 '/Private/CubeTerrain.cpp'을(를) 컴파일하는 중)
  
D:\Workbench\Portfolio\CopyMaple2\Client\Private\CubeTerrain.cpp(123,28): warning C4244: '=': 'Engine::_uint'에서 'float'(으)로 변환하면서 데이터가 손실될 수 있습니다.
  (소스 파일 '/Private/CubeTerrain.cpp'을(를) 컴파일하는 중)
  
D:\Workbench\Portfolio\CopyMaple2\Client\Private\CubeTerrain.cpp(124,16): warning C4244: '=': 'Engine::_uint'에서 'float'(으)로 변환하면서 데이터가 손실될 수 있습니다.
  (소스 파일 '/Private/CubeTerrain.cpp'을(를) 컴파일하는 중)
  
C:\Program Files\Microsoft Visual Studio\2022\Community\VC\Tools\MSVC\14.41.34120\include\xutility(4689,18): warning C4244: '=': 'wchar_t'에서 'char'(으)로 변환하면서 데이터가 손실될 수 있습니다.
  (소스 파일 '/Private/CubeTerrain.cpp'을(를) 컴파일하는 중)
      C:\Program Files\Microsoft Visual Studio\2022\Community\VC\Tools\MSVC\14.41.34120\include\xutility(4689,18):
      템플릿 인스턴스화 컨텍스트(가장 오래된 인스턴스화 컨텍스트)가
          D:\Workbench\Portfolio\CopyMaple2\Client\Private\CubeTerrain.cpp(61,17):
          컴파일되는 함수 템플릿 인스턴스화 'std::basic_string<char,std::char_traits<char>,std::allocator<char>>::basic_string<std::_String_iterator<std::_String_val<std::_Simple_types<_Elem>>>,0>(_Iter,_Iter,const _Alloc &)'에 대한 참조를 확인하세요.
          with
          [
              _Elem=wchar_t,
              _Iter=std::_String_iterator<std::_String_val<std::_Simple_types<wchar_t>>>,
              _Alloc=std::allocator<char>
          ]
              D:\Workbench\Portfolio\CopyMaple2\Client\Private\CubeTerrain.cpp(61,17):
              'Client::CCubeTerrain::Load_From_Json'에서 'std::basic_string<char,std::char_traits<char>,std::allocator<char>>::basic_string'에 대한 첫 번째 참조를 확인하세요.
          C:\Program Files\Microsoft Visual Studio\2022\Community\VC\Tools\MSVC\14.41.34120\include\xstring(793,17):
          컴파일되는 함수 템플릿 인스턴스화 'void std::basic_string<char,std::char_traits<char>,std::allocator<char>>::_Construct_from_iter<wchar_t*,wchar_t*,_Size_type>(_Iter,const _Sent,_Size)'에 대한 참조를 확인하세요.
          with
          [
              _Size_type=unsigned __int64,
              _Iter=wchar_t *,
              _Sent=wchar_t *,
              _Size=unsigned __int64
          ]
          C:\Program Files\Microsoft Visual Studio\2022\Community\VC\Tools\MSVC\14.41.34120\include\xstring(949,18):
          컴파일되는 함수 템플릿 인스턴스화 '_OutIt *std::_Copy_n_unchecked4<wchar_t*,_Size,char*>(_InIt,_SizeTy,_OutIt)'에 대한 참조를 확인하세요.
          with
          [
              _OutIt=char *,
              _Size=unsigned __int64,
              _InIt=wchar_t *,
              _SizeTy=unsigned __int64
          ]
  
  HomeDialog.cpp
D:\Workbench\Portfolio\CopyMaple2\EngineSDK\Inc\Engine_Struct.h(76,2): warning C5208: typedef 이름에 사용되는 명명되지 않은 클래스가 비정적 데이터 멤버, 멤버 열거형 또는 멤버 클래스 이외의 멤버를 선언할 수 없습니다.
  (소스 파일 '/Private/HomeDialog.cpp'을(를) 컴파일하는 중)
  
D:\Workbench\Portfolio\CopyMaple2\Client\Public\HomeDialog.h(9,17): warning C5208: typedef 이름에 사용되는 명명되지 않은 클래스가 비정적 데이터 멤버, 멤버 열거형 또는 멤버 클래스 이외의 멤버를 선언할 수 없습니다.
  (소스 파일 '/Private/HomeDialog.cpp'을(를) 컴파일하는 중)
  
  Item.cpp
D:\Workbench\Portfolio\CopyMaple2\EngineSDK\Inc\Engine_Struct.h(76,2): warning C5208: typedef 이름에 사용되는 명명되지 않은 클래스가 비정적 데이터 멤버, 멤버 열거형 또는 멤버 클래스 이외의 멤버를 선언할 수 없습니다.
  (소스 파일 '/Private/Item.cpp'을(를) 컴파일하는 중)
  
  ItemDataBase.cpp
D:\Workbench\Portfolio\CopyMaple2\EngineSDK\Inc\Engine_Struct.h(76,2): warning C5208: typedef 이름에 사용되는 명명되지 않은 클래스가 비정적 데이터 멤버, 멤버 열거형 또는 멤버 클래스 이외의 멤버를 선언할 수 없습니다.
  (소스 파일 '/Private/ItemDataBase.cpp'을(를) 컴파일하는 중)
  
  Level_GamePlay.cpp
D:\Workbench\Portfolio\CopyMaple2\EngineSDK\Inc\Engine_Struct.h(76,2): warning C5208: typedef 이름에 사용되는 명명되지 않은 클래스가 비정적 데이터 멤버, 멤버 열거형 또는 멤버 클래스 이외의 멤버를 선언할 수 없습니다.
  (소스 파일 '/Private/Level_GamePlay.cpp'을(를) 컴파일하는 중)
  
D:\Workbench\Portfolio\CopyMaple2\Client\Public\Player.h(17,17): warning C5208: typedef 이름에 사용되는 명명되지 않은 클래스가 비정적 데이터 멤버, 멤버 열거형 또는 멤버 클래스 이외의 멤버를 선언할 수 없습니다.
  (소스 파일 '/Private/Level_GamePlay.cpp'을(를) 컴파일하는 중)
  
D:\Workbench\Portfolio\CopyMaple2\Client\Public\Camera_Free.h(11,17): warning C5208: typedef 이름에 사용되는 명명되지 않은 클래스가 비정적 데이터 멤버, 멤버 열거형 또는 멤버 클래스 이외의 멤버를 선언할 수 없습니다.
  (소스 파일 '/Private/Level_GamePlay.cpp'을(를) 컴파일하는 중)
  
  Level_Home.cpp
D:\Workbench\Portfolio\CopyMaple2\EngineSDK\Inc\Engine_Struct.h(76,2): warning C5208: typedef 이름에 사용되는 명명되지 않은 클래스가 비정적 데이터 멤버, 멤버 열거형 또는 멤버 클래스 이외의 멤버를 선언할 수 없습니다.
  (소스 파일 '/Private/Level_Home.cpp'을(를) 컴파일하는 중)
  
D:\Workbench\Portfolio\CopyMaple2\Client\Public\Player.h(17,17): warning C5208: typedef 이름에 사용되는 명명되지 않은 클래스가 비정적 데이터 멤버, 멤버 열거형 또는 멤버 클래스 이외의 멤버를 선언할 수 없습니다.
  (소스 파일 '/Private/Level_Home.cpp'을(를) 컴파일하는 중)
  
D:\Workbench\Portfolio\CopyMaple2\Client\Public\HomeDialog.h(9,17): warning C5208: typedef 이름에 사용되는 명명되지 않은 클래스가 비정적 데이터 멤버, 멤버 열거형 또는 멤버 클래스 이외의 멤버를 선언할 수 없습니다.
  (소스 파일 '/Private/Level_Home.cpp'을(를) 컴파일하는 중)
  
  Level_Logo.cpp
D:\Workbench\Portfolio\CopyMaple2\EngineSDK\Inc\Engine_Struct.h(76,2): warning C5208: typedef 이름에 사용되는 명명되지 않은 클래스가 비정적 데이터 멤버, 멤버 열거형 또는 멤버 클래스 이외의 멤버를 선언할 수 없습니다.
  (소스 파일 '/Private/Level_Logo.cpp'을(를) 컴파일하는 중)
  
D:\Workbench\Portfolio\CopyMaple2\Client\Public\BackGround.h(12,17): warning C5208: typedef 이름에 사용되는 명명되지 않은 클래스가 비정적 데이터 멤버, 멤버 열거형 또는 멤버 클래스 이외의 멤버를 선언할 수 없습니다.
  (소스 파일 '/Private/Level_Logo.cpp'을(를) 컴파일하는 중)
  
  ModelObject.cpp
D:\Workbench\Portfolio\CopyMaple2\EngineSDK\Inc\Engine_Struct.h(76,2): warning C5208: typedef 이름에 사용되는 명명되지 않은 클래스가 비정적 데이터 멤버, 멤버 열거형 또는 멤버 클래스 이외의 멤버를 선언할 수 없습니다.
  (소스 파일 '/Private/ModelObject.cpp'을(를) 컴파일하는 중)
  
D:\Workbench\Portfolio\CopyMaple2\EngineSDK\Inc\MeshCollider.h(7,12): warning C4275: DLL 인터페이스가 아닌 class 'Engine::CCollider'이(가) DLL 인터페이스 class 'Engine::CMeshCollider'의 기본으로 사용되었습니다.
  (소스 파일 '/Private/ModelObject.cpp'을(를) 컴파일하는 중)
      D:\Workbench\Portfolio\CopyMaple2\EngineSDK\Inc\Collider.h(4,7):
      'Engine::CCollider' 선언을 참조하십시오.
      D:\Workbench\Portfolio\CopyMaple2\EngineSDK\Inc\MeshCollider.h(6,18):
      'Engine::CMeshCollider' 선언을 참조하십시오.
  
D:\Workbench\Portfolio\CopyMaple2\Client\Private\ModelObject.cpp(76,13): warning C4267: '인수': 'size_t'에서 'Engine::_uint'(으)로 변환하면서 데이터가 손실될 수 있습니다.
  (소스 파일 '/Private/ModelObject.cpp'을(를) 컴파일하는 중)
  
D:\Workbench\Portfolio\CopyMaple2\Client\Private\ModelObject.cpp(79,17): warning C4267: '인수': 'size_t'에서 'Engine::_uint'(으)로 변환하면서 데이터가 손실될 수 있습니다.
  (소스 파일 '/Private/ModelObject.cpp'을(를) 컴파일하는 중)
  
D:\Workbench\Portfolio\CopyMaple2\Client\Private\ModelObject.cpp(83,29): warning C4267: '인수': 'size_t'에서 'Engine::_uint'(으)로 변환하면서 데이터가 손실될 수 있습니다.
  (소스 파일 '/Private/ModelObject.cpp'을(를) 컴파일하는 중)
  
  MyTransform.cpp
D:\Workbench\Portfolio\CopyMaple2\EngineSDK\Inc\Engine_Struct.h(76,2): warning C5208: typedef 이름에 사용되는 명명되지 않은 클래스가 비정적 데이터 멤버, 멤버 열거형 또는 멤버 클래스 이외의 멤버를 선언할 수 없습니다.
  (소스 파일 '/Private/MyTransform.cpp'을(를) 컴파일하는 중)
  
  Player.cpp
D:\Workbench\Portfolio\CopyMaple2\EngineSDK\Inc\Engine_Struct.h(76,2): warning C5208: typedef 이름에 사용되는 명명되지 않은 클래스가 비정적 데이터 멤버, 멤버 열거형 또는 멤버 클래스 이외의 멤버를 선언할 수 없습니다.
  (소스 파일 '/Private/Player.cpp'을(를) 컴파일하는 중)
  
D:\Workbench\Portfolio\CopyMaple2\Client\Public\Player.h(17,17): warning C5208: typedef 이름에 사용되는 명명되지 않은 클래스가 비정적 데이터 멤버, 멤버 열거형 또는 멤버 클래스 이외의 멤버를 선언할 수 없습니다.
  (소스 파일 '/Private/Player.cpp'을(를) 컴파일하는 중)
  
  Terrain.cpp
D:\Workbench\Portfolio\CopyMaple2\EngineSDK\Inc\Engine_Struct.h(76,2): warning C5208: typedef 이름에 사용되는 명명되지 않은 클래스가 비정적 데이터 멤버, 멤버 열거형 또는 멤버 클래스 이외의 멤버를 선언할 수 없습니다.
  (소스 파일 '/Private/Terrain.cpp'을(를) 컴파일하는 중)
  
  TerrainObject.cpp
D:\Workbench\Portfolio\CopyMaple2\EngineSDK\Inc\Engine_Struct.h(76,2): warning C5208: typedef 이름에 사용되는 명명되지 않은 클래스가 비정적 데이터 멤버, 멤버 열거형 또는 멤버 클래스 이외의 멤버를 선언할 수 없습니다.
  (소스 파일 '/Private/TerrainObject.cpp'을(를) 컴파일하는 중)
  
D:\Workbench\Portfolio\CopyMaple2\EngineSDK\Inc\MeshCollider.h(7,12): warning C4275: DLL 인터페이스가 아닌 class 'Engine::CCollider'이(가) DLL 인터페이스 class 'Engine::CMeshCollider'의 기본으로 사용되었습니다.
  (소스 파일 '/Private/TerrainObject.cpp'을(를) 컴파일하는 중)
      D:\Workbench\Portfolio\CopyMaple2\EngineSDK\Inc\Collider.h(4,7):
      'Engine::CCollider' 선언을 참조하십시오.
      D:\Workbench\Portfolio\CopyMaple2\EngineSDK\Inc\MeshCollider.h(6,18):
      'Engine::CMeshCollider' 선언을 참조하십시오.
  
C:\Program Files\Microsoft Visual Studio\2022\Community\VC\Tools\MSVC\14.41.34120\include\xutility(4689,18): warning C4244: '=': 'wchar_t'에서 'char'(으)로 변환하면서 데이터가 손실될 수 있습니다.
  (소스 파일 '/Private/TerrainObject.cpp'을(를) 컴파일하는 중)
      C:\Program Files\Microsoft Visual Studio\2022\Community\VC\Tools\MSVC\14.41.34120\include\xutility(4689,18):
      템플릿 인스턴스화 컨텍스트(가장 오래된 인스턴스화 컨텍스트)가
          D:\Workbench\Portfolio\CopyMaple2\Client\Private\TerrainObject.cpp(63,12):
          컴파일되는 함수 템플릿 인스턴스화 'std::basic_string<char,std::char_traits<char>,std::allocator<char>>::basic_string<std::_String_iterator<std::_String_val<std::_Simple_types<_Elem>>>,0>(_Iter,_Iter,const _Alloc &)'에 대한 참조를 확인하세요.
          with
          [
              _Elem=wchar_t,
              _Iter=std::_String_iterator<std::_String_val<std::_Simple_types<wchar_t>>>,
              _Alloc=std::allocator<char>
          ]
              D:\Workbench\Portfolio\CopyMaple2\Client\Private\TerrainObject.cpp(63,12):
              'Client::CTerrainObject::ToJson'에서 'std::basic_string<char,std::char_traits<char>,std::allocator<char>>::basic_string'에 대한 첫 번째 참조를 확인하세요.
          C:\Program Files\Microsoft Visual Studio\2022\Community\VC\Tools\MSVC\14.41.34120\include\xstring(793,17):
          컴파일되는 함수 템플릿 인스턴스화 'void std::basic_string<char,std::char_traits<char>,std::allocator<char>>::_Construct_from_iter<wchar_t*,wchar_t*,_Size_type>(_Iter,const _Sent,_Size)'에 대한 참조를 확인하세요.
          with
          [
              _Size_type=unsigned __int64,
              _Iter=wchar_t *,
              _Sent=wchar_t *,
              _Size=unsigned __int64
          ]
          C:\Program Files\Microsoft Visual Studio\2022\Community\VC\Tools\MSVC\14.41.34120\include\xstring(949,18):
          컴파일되는 함수 템플릿 인스턴스화 '_OutIt *std::_Copy_n_unchecked4<wchar_t*,_Size,char*>(_InIt,_SizeTy,_OutIt)'에 대한 참조를 확인하세요.
          with
          [
              _OutIt=char *,
              _Size=unsigned __int64,
              _InIt=wchar_t *,
              _SizeTy=unsigned __int64
          ]
  
  UIButton.cpp
D:\Workbench\Portfolio\CopyMaple2\EngineSDK\Inc\Engine_Struct.h(76,2): warning C5208: typedef 이름에 사용되는 명명되지 않은 클래스가 비정적 데이터 멤버, 멤버 열거형 또는 멤버 클래스 이외의 멤버를 선언할 수 없습니다.
  (소스 파일 '/Private/UIButton.cpp'을(를) 컴파일하는 중)
  
  UIPanel.cpp
D:\Workbench\Portfolio\CopyMaple2\EngineSDK\Inc\Engine_Struct.h(76,2): warning C5208: typedef 이름에 사용되는 명명되지 않은 클래스가 비정적 데이터 멤버, 멤버 열거형 또는 멤버 클래스 이외의 멤버를 선언할 수 없습니다.
  (소스 파일 '/Private/UIPanel.cpp'을(를) 컴파일하는 중)
  
  UIItemIndicator.cpp
D:\Workbench\Portfolio\CopyMaple2\EngineSDK\Inc\Engine_Struct.h(76,2): warning C5208: typedef 이름에 사용되는 명명되지 않은 클래스가 비정적 데이터 멤버, 멤버 열거형 또는 멤버 클래스 이외의 멤버를 선언할 수 없습니다.
  (소스 파일 '/Public/UIItemIndicator.cpp'을(를) 컴파일하는 중)
  
D:\Workbench\Portfolio\CopyMaple2\Client\Public\UIItemIndicator.h(9,17): warning C5208: typedef 이름에 사용되는 명명되지 않은 클래스가 비정적 데이터 멤버, 멤버 열거형 또는 멤버 클래스 이외의 멤버를 선언할 수 없습니다.
  (소스 파일 '/Public/UIItemIndicator.cpp'을(를) 컴파일하는 중)
  
  BackGround.cpp
D:\Workbench\Portfolio\CopyMaple2\EngineSDK\Inc\Engine_Struct.h(76,2): warning C5208: typedef 이름에 사용되는 명명되지 않은 클래스가 비정적 데이터 멤버, 멤버 열거형 또는 멤버 클래스 이외의 멤버를 선언할 수 없습니다.
  (소스 파일 '/private/BackGround.cpp'을(를) 컴파일하는 중)
  
D:\Workbench\Portfolio\CopyMaple2\Client\Public\BackGround.h(12,17): warning C5208: typedef 이름에 사용되는 명명되지 않은 클래스가 비정적 데이터 멤버, 멤버 열거형 또는 멤버 클래스 이외의 멤버를 선언할 수 없습니다.
  (소스 파일 '/private/BackGround.cpp'을(를) 컴파일하는 중)
  
  컴파일하고 있습니다...
  Level_Loading.cpp
D:\Workbench\Portfolio\CopyMaple2\EngineSDK\Inc\Engine_Struct.h(76,2): warning C5208: typedef 이름에 사용되는 명명되지 않은 클래스가 비정적 데이터 멤버, 멤버 열거형 또는 멤버 클래스 이외의 멤버를 선언할 수 없습니다.
  (소스 파일 '/private/Level_Loading.cpp'을(를) 컴파일하는 중)
  
  Loader.cpp
D:\Workbench\Portfolio\CopyMaple2\EngineSDK\Inc\Engine_Struct.h(76,2): warning C5208: typedef 이름에 사용되는 명명되지 않은 클래스가 비정적 데이터 멤버, 멤버 열거형 또는 멤버 클래스 이외의 멤버를 선언할 수 없습니다.
  (소스 파일 '/private/Loader.cpp'을(를) 컴파일하는 중)
  
D:\Workbench\Portfolio\CopyMaple2\Client\Public\Camera_Free.h(11,17): warning C5208: typedef 이름에 사용되는 명명되지 않은 클래스가 비정적 데이터 멤버, 멤버 열거형 또는 멤버 클래스 이외의 멤버를 선언할 수 없습니다.
  (소스 파일 '/private/Loader.cpp'을(를) 컴파일하는 중)
  
D:\Workbench\Portfolio\CopyMaple2\Client\Public\Player.h(17,17): warning C5208: typedef 이름에 사용되는 명명되지 않은 클래스가 비정적 데이터 멤버, 멤버 열거형 또는 멤버 클래스 이외의 멤버를 선언할 수 없습니다.
  (소스 파일 '/private/Loader.cpp'을(를) 컴파일하는 중)
  
D:\Workbench\Portfolio\CopyMaple2\Client\Public\HomeDialog.h(9,17): warning C5208: typedef 이름에 사용되는 명명되지 않은 클래스가 비정적 데이터 멤버, 멤버 열거형 또는 멤버 클래스 이외의 멤버를 선언할 수 없습니다.
  (소스 파일 '/private/Loader.cpp'을(를) 컴파일하는 중)
  
D:\Workbench\Portfolio\CopyMaple2\EngineSDK\Inc\MeshCollider.h(7,12): warning C4275: DLL 인터페이스가 아닌 class 'Engine::CCollider'이(가) DLL 인터페이스 class 'Engine::CMeshCollider'의 기본으로 사용되었습니다.
  (소스 파일 '/private/Loader.cpp'을(를) 컴파일하는 중)
      D:\Workbench\Portfolio\CopyMaple2\EngineSDK\Inc\Collider.h(4,7):
      'Engine::CCollider' 선언을 참조하십시오.
      D:\Workbench\Portfolio\CopyMaple2\EngineSDK\Inc\MeshCollider.h(6,18):
      'Engine::CMeshCollider' 선언을 참조하십시오.
  
C:\Program Files\Microsoft Visual Studio\2022\Community\VC\Tools\MSVC\14.41.34120\include\xutility(4689,18): warning C4244: '=': 'wchar_t'에서 'char'(으)로 변환하면서 데이터가 손실될 수 있습니다.
  (소스 파일 '/private/Loader.cpp'을(를) 컴파일하는 중)
      C:\Program Files\Microsoft Visual Studio\2022\Community\VC\Tools\MSVC\14.41.34120\include\xutility(4689,18):
      템플릿 인스턴스화 컨텍스트(가장 오래된 인스턴스화 컨텍스트)가
          D:\Workbench\Portfolio\CopyMaple2\Client\private\Loader.cpp(301,13):
          컴파일되는 함수 템플릿 인스턴스화 'std::basic_string<char,std::char_traits<char>,std::allocator<char>>::basic_string<std::_String_iterator<std::_String_val<std::_Simple_types<_Elem>>>,0>(_Iter,_Iter,const _Alloc &)'에 대한 참조를 확인하세요.
          with
          [
              _Elem=wchar_t,
              _Iter=std::_String_iterator<std::_String_val<std::_Simple_types<wchar_t>>>,
              _Alloc=std::allocator<char>
          ]
              D:\Workbench\Portfolio\CopyMaple2\Client\private\Loader.cpp(301,13):
              'Client::CLoader::Load_Dirctory_Models'에서 'std::basic_string<char,std::char_traits<char>,std::allocator<char>>::basic_string'에 대한 첫 번째 참조를 확인하세요.
          C:\Program Files\Microsoft Visual Studio\2022\Community\VC\Tools\MSVC\14.41.34120\include\xstring(793,17):
          컴파일되는 함수 템플릿 인스턴스화 'void std::basic_string<char,std::char_traits<char>,std::allocator<char>>::_Construct_from_iter<wchar_t*,wchar_t*,_Size_type>(_Iter,const _Sent,_Size)'에 대한 참조를 확인하세요.
          with
          [
              _Size_type=unsigned __int64,
              _Iter=wchar_t *,
              _Sent=wchar_t *,
              _Size=unsigned __int64
          ]
          C:\Program Files\Microsoft Visual Studio\2022\Community\VC\Tools\MSVC\14.41.34120\include\xstring(949,18):
          컴파일되는 함수 템플릿 인스턴스화 '_OutIt *std::_Copy_n_unchecked4<wchar_t*,_Size,char*>(_InIt,_SizeTy,_OutIt)'에 대한 참조를 확인하세요.
          with
          [
              _OutIt=char *,
              _Size=unsigned __int64,
              _InIt=wchar_t *,
              _SizeTy=unsigned __int64
          ]
  
  MainApp.cpp
D:\Workbench\Portfolio\CopyMaple2\EngineSDK\Inc\Engine_Struct.h(76,2): warning C5208: typedef 이름에 사용되는 명명되지 않은 클래스가 비정적 데이터 멤버, 멤버 열거형 또는 멤버 클래스 이외의 멤버를 선언할 수 없습니다.
  (소스 파일 '/private/MainApp.cpp'을(를) 컴파일하는 중)
  
  Client.cpp
D:\Workbench\Portfolio\CopyMaple2\EngineSDK\Inc\Engine_Struct.h(76,2): warning C5208: typedef 이름에 사용되는 명명되지 않은 클래스가 비정적 데이터 멤버, 멤버 열거형 또는 멤버 클래스 이외의 멤버를 선언할 수 없습니다.
  (소스 파일 '/Client.cpp'을(를) 컴파일하는 중)
  
  JsonParser.cpp
D:\Workbench\Portfolio\CopyMaple2\EngineSDK\Inc\Engine_Struct.h(76,2): warning C5208: typedef 이름에 사용되는 명명되지 않은 클래스가 비정적 데이터 멤버, 멤버 열거형 또는 멤버 클래스 이외의 멤버를 선언할 수 없습니다.
  (소스 파일 '/JsonParser.cpp'을(를) 컴파일하는 중)
  
  코드를 생성하고 있습니다.
  20 of 1962 functions ( 1.0%) were compiled, the rest were copied from previous compilation.
    0 functions were new in current compilation
    4 functions had inline decision re-evaluated but remain unchanged
  코드를 생성했습니다.
  Client.vcxproj -> D:\Workbench\Portfolio\CopyMaple2\Client\Bin\Client.exe
