d:\workbench\portfolio\copymaple2\engine\default\x64\release\vc143.pdb
d:\workbench\portfolio\copymaple2\engine\default\x64\release\object_manager.obj
d:\workbench\portfolio\copymaple2\engine\default\x64\release\model.obj
d:\workbench\portfolio\copymaple2\engine\default\x64\release\light_manager.obj
d:\workbench\portfolio\copymaple2\engine\default\x64\release\light.obj
d:\workbench\portfolio\copymaple2\engine\default\x64\release\level_manager.obj
d:\workbench\portfolio\copymaple2\engine\default\x64\release\level.obj
d:\workbench\portfolio\copymaple2\engine\default\x64\release\layer.obj
d:\workbench\portfolio\copymaple2\engine\default\x64\release\input_device.obj
d:\workbench\portfolio\copymaple2\engine\default\x64\release\graphic_device.obj
d:\workbench\portfolio\copymaple2\engine\default\x64\release\gameobject.obj
d:\workbench\portfolio\copymaple2\engine\default\x64\release\gameinstance.obj
d:\workbench\portfolio\copymaple2\engine\default\x64\release\controller.obj
d:\workbench\portfolio\copymaple2\engine\default\x64\release\component.obj
d:\workbench\portfolio\copymaple2\engine\default\x64\release\collider.obj
d:\workbench\portfolio\copymaple2\engine\default\x64\release\camera_ui.obj
d:\workbench\portfolio\copymaple2\engine\default\x64\release\camera.obj
d:\workbench\portfolio\copymaple2\engine\default\x64\release\bone.obj
d:\workbench\portfolio\copymaple2\engine\default\x64\release\base.obj
d:\workbench\portfolio\copymaple2\engine\default\x64\release\material.obj
d:\workbench\portfolio\copymaple2\engine\default\x64\release\engine_struct.obj
d:\workbench\portfolio\copymaple2\engine\default\x64\release\vibuffer_terrain.obj
d:\workbench\portfolio\copymaple2\engine\default\x64\release\vibuffer_rect.obj
d:\workbench\portfolio\copymaple2\engine\default\x64\release\vibuffer.obj
d:\workbench\portfolio\copymaple2\engine\default\x64\release\uiobject.obj
d:\workbench\portfolio\copymaple2\engine\default\x64\release\uimanager.obj
d:\workbench\portfolio\copymaple2\engine\default\x64\release\transform.obj
d:\workbench\portfolio\copymaple2\engine\default\x64\release\timer_manager.obj
d:\workbench\portfolio\copymaple2\engine\default\x64\release\timer.obj
d:\workbench\portfolio\copymaple2\engine\default\x64\release\texture.obj
d:\workbench\portfolio\copymaple2\engine\default\x64\release\shader.obj
d:\workbench\portfolio\copymaple2\engine\default\x64\release\renderer.obj
d:\workbench\portfolio\copymaple2\engine\default\x64\release\rect_transform.obj
d:\workbench\portfolio\copymaple2\engine\default\x64\release\prototype_manager.obj
d:\workbench\portfolio\copymaple2\engine\default\x64\release\pipeline.obj
d:\workbench\portfolio\copymaple2\engine\default\x64\release\physics.obj
d:\workbench\portfolio\copymaple2\engine\default\x64\release\pawn.obj
d:\workbench\portfolio\copymaple2\engine\default\x64\release\meshcollider.obj
d:\workbench\portfolio\copymaple2\engine\default\x64\release\mesh.obj
d:\workbench\portfolio\copymaple2\engine\default\x64\release\channel.obj
d:\workbench\portfolio\copymaple2\engine\default\x64\release\animation.obj
d:\workbench\portfolio\copymaple2\engine\default\x64\release\jsonparser.obj
d:\workbench\portfolio\copymaple2\engine\default\x64\release\eventmanager.obj
d:\workbench\portfolio\copymaple2\engine\default\x64\release\eventhandlerwrapperinterface.obj
d:\workbench\portfolio\copymaple2\engine\default\x64\release\event.obj
d:\workbench\portfolio\copymaple2\engine\default\x64\release\condition.obj
d:\workbench\portfolio\copymaple2\engine\default\x64\release\statemachine.obj
d:\workbench\portfolio\copymaple2\engine\default\x64\release\state.obj
d:\workbench\portfolio\copymaple2\engine\default\x64\release\engine_utility.obj
d:\workbench\portfolio\copymaple2\engine\default\x64\release\transition.obj
d:\workbench\portfolio\copymaple2\engine\bin\engine.dll
d:\workbench\portfolio\copymaple2\engine\bin\engine.pdb
d:\workbench\portfolio\copymaple2\engine\default\x64\release\engine.res
d:\workbench\portfolio\copymaple2\engine\bin\engine.lib
d:\workbench\portfolio\copymaple2\engine\bin\engine.exp
d:\workbench\portfolio\copymaple2\engine\default\x64\release\engine.ipdb
d:\workbench\portfolio\copymaple2\engine\default\x64\release\engine.iobj
d:\workbench\portfolio\copymaple2\engine\default\x64\release\engine.tlog\cl.command.1.tlog
d:\workbench\portfolio\copymaple2\engine\default\x64\release\engine.tlog\cl.items.tlog
d:\workbench\portfolio\copymaple2\engine\default\x64\release\engine.tlog\cl.read.1.tlog
d:\workbench\portfolio\copymaple2\engine\default\x64\release\engine.tlog\cl.write.1.tlog
d:\workbench\portfolio\copymaple2\engine\default\x64\release\engine.tlog\link.command.1.tlog
d:\workbench\portfolio\copymaple2\engine\default\x64\release\engine.tlog\link.read.1.tlog
d:\workbench\portfolio\copymaple2\engine\default\x64\release\engine.tlog\link.secondary.1.tlog
d:\workbench\portfolio\copymaple2\engine\default\x64\release\engine.tlog\link.write.1.tlog
d:\workbench\portfolio\copymaple2\engine\default\x64\release\engine.tlog\rc.command.1.tlog
d:\workbench\portfolio\copymaple2\engine\default\x64\release\engine.tlog\rc.read.1.tlog
d:\workbench\portfolio\copymaple2\engine\default\x64\release\engine.tlog\rc.write.1.tlog
