  Mesh.cpp
D:\Workbench\Portfolio\CopyMaple2\Engine\Public\Engine_Struct.h(76,2): warning C5208: typedef 이름에 사용되는 명명되지 않은 클래스가 비정적 데이터 멤버, 멤버 열거형 또는 멤버 클래스 이외의 멤버를 선언할 수 없습니다.
  (소스 파일 '../Private/Mesh.cpp'을(를) 컴파일하는 중)
  
D:\Workbench\Portfolio\CopyMaple2\Engine\Private\Mesh.cpp(174,45): warning C4267: '=': 'size_t'에서 'uint32_t'(으)로 변환하면서 데이터가 손실될 수 있습니다.
D:\Workbench\Portfolio\CopyMaple2\Engine\Private\Mesh.cpp(179,45): warning C4267: '=': 'size_t'에서 'uint32_t'(으)로 변환하면서 데이터가 손실될 수 있습니다.
D:\Workbench\Portfolio\CopyMaple2\Engine\Private\Mesh.cpp(184,45): warning C4267: '=': 'size_t'에서 'uint32_t'(으)로 변환하면서 데이터가 손실될 수 있습니다.
D:\Workbench\Portfolio\CopyMaple2\Engine\Private\Mesh.cpp(189,45): warning C4267: '=': 'size_t'에서 'uint32_t'(으)로 변환하면서 데이터가 손실될 수 있습니다.
  MeshCollider.cpp
D:\Workbench\Portfolio\CopyMaple2\Engine\Public\Engine_Struct.h(76,2): warning C5208: typedef 이름에 사용되는 명명되지 않은 클래스가 비정적 데이터 멤버, 멤버 열거형 또는 멤버 클래스 이외의 멤버를 선언할 수 없습니다.
  (소스 파일 '../Private/MeshCollider.cpp'을(를) 컴파일하는 중)
  
D:\Workbench\Portfolio\CopyMaple2\Engine\Public\MeshCollider.h(7,12): warning C4275: DLL 인터페이스가 아닌 class 'Engine::CCollider'이(가) DLL 인터페이스 class 'Engine::CMeshCollider'의 기본으로 사용되었습니다.
  (소스 파일 '../Private/MeshCollider.cpp'을(를) 컴파일하는 중)
      D:\Workbench\Portfolio\CopyMaple2\Engine\Public\Collider.h(4,7):
      'Engine::CCollider' 선언을 참조하십시오.
      D:\Workbench\Portfolio\CopyMaple2\Engine\Public\MeshCollider.h(6,18):
      'Engine::CMeshCollider' 선언을 참조하십시오.
  
  Model.cpp
D:\Workbench\Portfolio\CopyMaple2\Engine\Public\Engine_Struct.h(76,2): warning C5208: typedef 이름에 사용되는 명명되지 않은 클래스가 비정적 데이터 멤버, 멤버 열거형 또는 멤버 클래스 이외의 멤버를 선언할 수 없습니다.
  (소스 파일 '../Private/Model.cpp'을(를) 컴파일하는 중)
  
D:\Workbench\Portfolio\CopyMaple2\Engine\Private\Model.cpp(100,36): warning C4267: '=': 'size_t'에서 'Engine::_int'(으)로 변환하면서 데이터가 손실될 수 있습니다.
     ../Bin/Engine.lib 라이브러리 및 ../Bin/Engine.exp 개체를 생성하고 있습니다.
  코드를 생성하고 있습니다.
  Previous IPDB not found, fall back to full compilation.
  All 2086 functions were compiled because no usable IPDB/IOBJ from previous compilation was found.
  코드를 생성했습니다.
DirectXTK.lib(WICTextureLoader.obj) : warning LNK4099: '' PDB를 'DirectXTK.lib(WICTextureLoader.obj)' 또는 ''에서 찾을 수 없습니다. 디버그 정보가 없는 것처럼 개체를 링크합니다.
DirectXTK.lib(DDSTextureLoader.obj) : warning LNK4099: '' PDB를 'DirectXTK.lib(DDSTextureLoader.obj)' 또는 ''에서 찾을 수 없습니다. 디버그 정보가 없는 것처럼 개체를 링크합니다.
DirectXTK.lib(pch.obj) : warning LNK4099: '' PDB를 'DirectXTK.lib(pch.obj)' 또는 ''에서 찾을 수 없습니다. 디버그 정보가 없는 것처럼 개체를 링크합니다.
  Engine.vcxproj -> D:\Workbench\Portfolio\CopyMaple2\Engine\Bin\Engine.dll
