d:\workbench\portfolio\copymaple2\client\default\x64\debug\client.pch
d:\workbench\portfolio\copymaple2\client\default\x64\debug\vc143.pdb
d:\workbench\portfolio\copymaple2\client\default\x64\debug\vc143.idb
d:\workbench\portfolio\copymaple2\client\default\x64\debug\stdafx.obj
d:\workbench\portfolio\copymaple2\client\default\x64\debug\item.obj
d:\workbench\portfolio\copymaple2\client\default\x64\debug\uihomedialog.obj
d:\workbench\portfolio\copymaple2\client\default\x64\debug\skillmanager.obj
d:\workbench\portfolio\copymaple2\client\default\x64\debug\skill.obj
d:\workbench\portfolio\copymaple2\client\default\x64\debug\uiquickslot.obj
d:\workbench\portfolio\copymaple2\client\default\x64\debug\uilistselector.obj
d:\workbench\portfolio\copymaple2\client\default\x64\debug\canvas.obj
d:\workbench\portfolio\copymaple2\client\default\x64\debug\camera_trace.obj
d:\workbench\portfolio\copymaple2\client\default\x64\debug\camera_free.obj
d:\workbench\portfolio\copymaple2\client\default\x64\debug\modelobject.obj
d:\workbench\portfolio\copymaple2\client\default\x64\debug\magicclaw.obj
d:\workbench\portfolio\copymaple2\client\default\x64\debug\levelchangeevent.obj
d:\workbench\portfolio\copymaple2\client\default\x64\debug\itemdatabase.obj
d:\workbench\portfolio\copymaple2\client\default\x64\debug\deadobjevent.obj
d:\workbench\portfolio\copymaple2\client\default\x64\debug\createobjevent.obj
d:\workbench\portfolio\copymaple2\client\default\x64\debug\character.obj
d:\workbench\portfolio\copymaple2\client\default\x64\debug\buildpreview.obj
d:\workbench\portfolio\copymaple2\client\default\x64\debug\builder.obj
d:\workbench\portfolio\copymaple2\client\default\x64\debug\bonemodelobject.obj
d:\workbench\portfolio\copymaple2\client\default\x64\debug\background.obj
d:\workbench\portfolio\copymaple2\client\default\x64\debug\client_utility.obj
d:\workbench\portfolio\copymaple2\client\default\x64\debug\client.obj
d:\workbench\portfolio\copymaple2\client\default\x64\debug\uiitemindicator.obj
d:\workbench\portfolio\copymaple2\client\default\x64\debug\weapon.obj
d:\workbench\portfolio\copymaple2\client\default\x64\debug\uipanel.obj
d:\workbench\portfolio\copymaple2\client\default\x64\debug\uilistitementry.obj
d:\workbench\portfolio\copymaple2\client\default\x64\debug\uilist.obj
d:\workbench\portfolio\copymaple2\client\default\x64\debug\uiinventory.obj
d:\workbench\portfolio\copymaple2\client\default\x64\debug\uibutton.obj
d:\workbench\portfolio\copymaple2\client\default\x64\debug\terrainobject.obj
d:\workbench\portfolio\copymaple2\client\default\x64\debug\terrain.obj
d:\workbench\portfolio\copymaple2\client\default\x64\debug\cubeterrain.obj
d:\workbench\portfolio\copymaple2\client\default\x64\debug\player.obj
d:\workbench\portfolio\copymaple2\client\default\x64\debug\mytransform.obj
d:\workbench\portfolio\copymaple2\client\default\x64\debug\mainapp.obj
d:\workbench\portfolio\copymaple2\client\default\x64\debug\loader.obj
d:\workbench\portfolio\copymaple2\client\default\x64\debug\level_logo.obj
d:\workbench\portfolio\copymaple2\client\default\x64\debug\level_loading.obj
d:\workbench\portfolio\copymaple2\client\default\x64\debug\level_home.obj
d:\workbench\portfolio\copymaple2\client\default\x64\debug\level_gameplay.obj
d:\workbench\portfolio\copymaple2\client\default\x64\debug\mimicbonemodelobject.obj
d:\workbench\portfolio\copymaple2\client\bin\shader_vtxmesh.cso
d:\workbench\portfolio\copymaple2\client\bin\shader_vtxpostex.cso
d:\workbench\portfolio\copymaple2\client\bin\shader_vtxanimmesh.cso
d:\workbench\portfolio\copymaple2\client\bin\shader_vtxnortex.cso
d:\workbench\portfolio\copymaple2\client\bin\client.exe
d:\workbench\portfolio\copymaple2\client\bin\client.pdb
d:\workbench\portfolio\copymaple2\client\default\x64\debug\client.res
d:\workbench\portfolio\copymaple2\client\default\x64\debug\client.ilk
d:\workbench\portfolio\copymaple2\client\default\x64\debug\player.obj.enc
d:\workbench\portfolio\copymaple2\client\default\x64\debug\client.tlog\cl.command.1.tlog
d:\workbench\portfolio\copymaple2\client\default\x64\debug\client.tlog\cl.items.tlog
d:\workbench\portfolio\copymaple2\client\default\x64\debug\client.tlog\cl.read.1.tlog
d:\workbench\portfolio\copymaple2\client\default\x64\debug\client.tlog\cl.write.1.tlog
d:\workbench\portfolio\copymaple2\client\default\x64\debug\client.tlog\fxc.command.1.tlog
d:\workbench\portfolio\copymaple2\client\default\x64\debug\client.tlog\fxc.read.1.tlog
d:\workbench\portfolio\copymaple2\client\default\x64\debug\client.tlog\fxc.write.1.tlog
d:\workbench\portfolio\copymaple2\client\default\x64\debug\client.tlog\link.command.1.tlog
d:\workbench\portfolio\copymaple2\client\default\x64\debug\client.tlog\link.read.1.tlog
d:\workbench\portfolio\copymaple2\client\default\x64\debug\client.tlog\link.secondary.1.tlog
d:\workbench\portfolio\copymaple2\client\default\x64\debug\client.tlog\link.write.1.tlog
d:\workbench\portfolio\copymaple2\client\default\x64\debug\client.tlog\rc.command.1.tlog
d:\workbench\portfolio\copymaple2\client\default\x64\debug\client.tlog\rc.read.1.tlog
d:\workbench\portfolio\copymaple2\client\default\x64\debug\client.tlog\rc.write.1.tlog
