  CNifToBinary.cpp
D:\Workbench\Portfolio\CopyMaple2\NIFToBinary\CNifToBinary.cpp(29,34): error C2027: 정의되지 않은 형식 'Niflib::NiNode'을(를) 사용했습니다.
  (소스 파일 '/CNifToBinary.cpp'을(를) 컴파일하는 중)
      D:\Workbench\Portfolio\CopyMaple2\NIFToBinary\niflib\niflib.h(61,7):
      'Niflib::NiNode' 선언을 참조하십시오.
  
D:\Workbench\Portfolio\CopyMaple2\NIFToBinary\CNifToBinary.cpp(29,40): error C2039: 'GetChildren': 'Niflib::Ref<Niflib::NiNode>'의 멤버가 아닙니다.
  (소스 파일 '/CNifToBinary.cpp'을(를) 컴파일하는 중)
      D:\Workbench\Portfolio\CopyMaple2\NIFToBinary\niflib\Ref.h(19,26):
      'Niflib::Ref<Niflib::NiNode>' 선언을 참조하십시오.
  
D:\Workbench\Portfolio\CopyMaple2\NIFToBinary\CNifToBinary.cpp(29,26): error C2530: 'child': 참조를 초기화해야 합니다.
  (소스 파일 '/CNifToBinary.cpp'을(를) 컴파일하는 중)
  
D:\Workbench\Portfolio\CopyMaple2\NIFToBinary\CNifToBinary.cpp(29,26): error C3531: 'child': 형식에 'auto'이(가) 포함된 기호에는 이니셜라이저가 있어야 합니다.
  (소스 파일 '/CNifToBinary.cpp'을(를) 컴파일하는 중)
  
D:\Workbench\Portfolio\CopyMaple2\NIFToBinary\CNifToBinary.cpp(29,32): error C2143: 구문 오류: ';'이(가) ':' 앞에 없습니다.
  (소스 파일 '/CNifToBinary.cpp'을(를) 컴파일하는 중)
  
D:\Workbench\Portfolio\CopyMaple2\NIFToBinary\CNifToBinary.cpp(29,53): error C2143: 구문 오류: ';'이(가) ')' 앞에 없습니다.
  (소스 파일 '/CNifToBinary.cpp'을(를) 컴파일하는 중)
  
D:\Workbench\Portfolio\CopyMaple2\NIFToBinary\CNifToBinary.cpp(34,29): error C2065: 'NiTriShape': 선언되지 않은 식별자입니다.
  (소스 파일 '/CNifToBinary.cpp'을(를) 컴파일하는 중)
  
D:\Workbench\Portfolio\CopyMaple2\NIFToBinary\CNifToBinary.cpp(34,17): error C2672: 'DynamicCast': 일치하는 오버로드된 함수가 없습니다.
  (소스 파일 '/CNifToBinary.cpp'을(를) 컴파일하는 중)
      D:\Workbench\Portfolio\CopyMaple2\NIFToBinary\niflib\obj\NiObject.h(122,33):
      'Niflib::Ref<const T> Niflib::DynamicCast(const Niflib::NiObject *)'일 수 있습니다.
          D:\Workbench\Portfolio\CopyMaple2\NIFToBinary\CNifToBinary.cpp(34,29):
          'Niflib::DynamicCast': 'T'의 템플릿 인수가 잘못되었습니다. 형식이 필요합니다.
      D:\Workbench\Portfolio\CopyMaple2\NIFToBinary\niflib\obj\NiObject.h(114,27):
      또는       'Niflib::Ref<T> Niflib::DynamicCast(Niflib::NiObject *)'
          D:\Workbench\Portfolio\CopyMaple2\NIFToBinary\CNifToBinary.cpp(34,29):
          'Niflib::DynamicCast': 'T'의 템플릿 인수가 잘못되었습니다. 형식이 필요합니다.
  
D:\Workbench\Portfolio\CopyMaple2\NIFToBinary\CNifToBinary.cpp(35,9): error C3536: 'mesh': 초기화되기 전에 사용할 수 없습니다.
  (소스 파일 '/CNifToBinary.cpp'을(를) 컴파일하는 중)
  
D:\Workbench\Portfolio\CopyMaple2\NIFToBinary\CNifToBinary.cpp(37,13): error C3536: 'data': 초기화되기 전에 사용할 수 없습니다.
  (소스 파일 '/CNifToBinary.cpp'을(를) 컴파일하는 중)
  
