d:\workbench\portfolio\copymaple2\niftobinary\x64\debug\niftobinary.pch
d:\workbench\portfolio\copymaple2\niftobinary\x64\debug\vc143.pdb
d:\workbench\portfolio\copymaple2\niftobinary\x64\debug\vc143.idb
d:\workbench\portfolio\copymaple2\niftobinary\x64\debug\pch.obj
d:\workbench\portfolio\copymaple2\niftobinary\x64\debug\main.obj
d:\workbench\portfolio\copymaple2\niftobinary\x64\debug\cniftobinary.obj
d:\workbench\portfolio\copymaple2\niftobinary\x64\debug\niftobinary.ilk
d:\workbench\portfolio\copymaple2\niftobinary\x64\debug\niftobinary.obj
d:\workbench\portfolio\copymaple2\x64\debug\niftobinary.pdb
d:\workbench\portfolio\copymaple2\niftobinary\x64\debug\niftobinary.tlog\cl.command.1.tlog
d:\workbench\portfolio\copymaple2\niftobinary\x64\debug\niftobinary.tlog\cl.items.tlog
d:\workbench\portfolio\copymaple2\niftobinary\x64\debug\niftobinary.tlog\cl.read.1.tlog
d:\workbench\portfolio\copymaple2\niftobinary\x64\debug\niftobinary.tlog\cl.write.1.tlog
d:\workbench\portfolio\copymaple2\niftobinary\x64\debug\niftobinary.tlog\link-cvtres.read.1.tlog
d:\workbench\portfolio\copymaple2\niftobinary\x64\debug\niftobinary.tlog\link-cvtres.write.1.tlog
d:\workbench\portfolio\copymaple2\niftobinary\x64\debug\niftobinary.tlog\link-rc.read.1.tlog
d:\workbench\portfolio\copymaple2\niftobinary\x64\debug\niftobinary.tlog\link-rc.write.1.tlog
d:\workbench\portfolio\copymaple2\niftobinary\x64\debug\niftobinary.tlog\link.33880-cvtres.read.1.tlog
d:\workbench\portfolio\copymaple2\niftobinary\x64\debug\niftobinary.tlog\link.33880-cvtres.write.1.tlog
d:\workbench\portfolio\copymaple2\niftobinary\x64\debug\niftobinary.tlog\link.33880-rc.read.1.tlog
d:\workbench\portfolio\copymaple2\niftobinary\x64\debug\niftobinary.tlog\link.33880-rc.write.1.tlog
d:\workbench\portfolio\copymaple2\niftobinary\x64\debug\niftobinary.tlog\link.33880.read.1.tlog
d:\workbench\portfolio\copymaple2\niftobinary\x64\debug\niftobinary.tlog\link.33880.read.2.tlog
d:\workbench\portfolio\copymaple2\niftobinary\x64\debug\niftobinary.tlog\link.33880.read.3.tlog
d:\workbench\portfolio\copymaple2\niftobinary\x64\debug\niftobinary.tlog\link.33880.read.4.tlog
d:\workbench\portfolio\copymaple2\niftobinary\x64\debug\niftobinary.tlog\link.33880.write.1.tlog
d:\workbench\portfolio\copymaple2\niftobinary\x64\debug\niftobinary.tlog\link.command.1.tlog
d:\workbench\portfolio\copymaple2\niftobinary\x64\debug\niftobinary.tlog\link.read.1.tlog
d:\workbench\portfolio\copymaple2\niftobinary\x64\debug\niftobinary.tlog\link.read.2.tlog
d:\workbench\portfolio\copymaple2\niftobinary\x64\debug\niftobinary.tlog\link.read.3.tlog
d:\workbench\portfolio\copymaple2\niftobinary\x64\debug\niftobinary.tlog\link.read.4.tlog
d:\workbench\portfolio\copymaple2\niftobinary\x64\debug\niftobinary.tlog\link.secondary.1.tlog
d:\workbench\portfolio\copymaple2\niftobinary\x64\debug\niftobinary.tlog\link.write.1.tlog
