d:\workbench\portfolio\copymaple2\engine\default\x64\debug\vc143.pdb
d:\workbench\portfolio\copymaple2\engine\default\x64\debug\vc143.idb
d:\workbench\portfolio\copymaple2\engine\default\x64\debug\gameinstance.obj
d:\workbench\portfolio\copymaple2\engine\default\x64\debug\eventmanager.obj
d:\workbench\portfolio\copymaple2\engine\default\x64\debug\eventhandlerwrapperinterface.obj
d:\workbench\portfolio\copymaple2\engine\default\x64\debug\event.obj
d:\workbench\portfolio\copymaple2\engine\default\x64\debug\debugdraw.obj
d:\workbench\portfolio\copymaple2\engine\default\x64\debug\controller.obj
d:\workbench\portfolio\copymaple2\engine\default\x64\debug\containerobject.obj
d:\workbench\portfolio\copymaple2\engine\default\x64\debug\condition.obj
d:\workbench\portfolio\copymaple2\engine\default\x64\debug\component.obj
d:\workbench\portfolio\copymaple2\engine\default\x64\debug\collisionmanager.obj
d:\workbench\portfolio\copymaple2\engine\default\x64\debug\collider_sphere.obj
d:\workbench\portfolio\copymaple2\engine\default\x64\debug\collider_frustum.obj
d:\workbench\portfolio\copymaple2\engine\default\x64\debug\collider_aabb.obj
d:\workbench\portfolio\copymaple2\engine\default\x64\debug\collider.obj
d:\workbench\portfolio\copymaple2\engine\default\x64\debug\channel.obj
d:\workbench\portfolio\copymaple2\engine\default\x64\debug\camera_ui.obj
d:\workbench\portfolio\copymaple2\engine\default\x64\debug\camera.obj
d:\workbench\portfolio\copymaple2\engine\default\x64\debug\bone.obj
d:\workbench\portfolio\copymaple2\engine\default\x64\debug\base.obj
d:\workbench\portfolio\copymaple2\engine\default\x64\debug\animation.obj
d:\workbench\portfolio\copymaple2\engine\default\x64\debug\prototype_manager.obj
d:\workbench\portfolio\copymaple2\engine\default\x64\debug\pipeline.obj
d:\workbench\portfolio\copymaple2\engine\default\x64\debug\physics.obj
d:\workbench\portfolio\copymaple2\engine\default\x64\debug\pawn.obj
d:\workbench\portfolio\copymaple2\engine\default\x64\debug\object_manager.obj
d:\workbench\portfolio\copymaple2\engine\default\x64\debug\multianimation.obj
d:\workbench\portfolio\copymaple2\engine\default\x64\debug\model.obj
d:\workbench\portfolio\copymaple2\engine\default\x64\debug\mimicbone.obj
d:\workbench\portfolio\copymaple2\engine\default\x64\debug\meshcollider.obj
d:\workbench\portfolio\copymaple2\engine\default\x64\debug\mesh.obj
d:\workbench\portfolio\copymaple2\engine\default\x64\debug\engine_utility.obj
d:\workbench\portfolio\copymaple2\engine\default\x64\debug\light_manager.obj
d:\workbench\portfolio\copymaple2\engine\default\x64\debug\light.obj
d:\workbench\portfolio\copymaple2\engine\default\x64\debug\level_manager.obj
d:\workbench\portfolio\copymaple2\engine\default\x64\debug\level.obj
d:\workbench\portfolio\copymaple2\engine\default\x64\debug\layer.obj
d:\workbench\portfolio\copymaple2\engine\default\x64\debug\jsonparser.obj
d:\workbench\portfolio\copymaple2\engine\default\x64\debug\input_device.obj
d:\workbench\portfolio\copymaple2\engine\default\x64\debug\graphic_device.obj
d:\workbench\portfolio\copymaple2\engine\default\x64\debug\gameobject.obj
d:\workbench\portfolio\copymaple2\engine\default\x64\debug\material.obj
d:\workbench\portfolio\copymaple2\engine\default\x64\debug\engine_struct.obj
d:\workbench\portfolio\copymaple2\engine\default\x64\debug\vibuffer_terrain.obj
d:\workbench\portfolio\copymaple2\engine\default\x64\debug\vibuffer_rect.obj
d:\workbench\portfolio\copymaple2\engine\default\x64\debug\vibuffer.obj
d:\workbench\portfolio\copymaple2\engine\default\x64\debug\uiobject.obj
d:\workbench\portfolio\copymaple2\engine\default\x64\debug\uimanager.obj
d:\workbench\portfolio\copymaple2\engine\default\x64\debug\transform.obj
d:\workbench\portfolio\copymaple2\engine\default\x64\debug\transition.obj
d:\workbench\portfolio\copymaple2\engine\default\x64\debug\timer_manager.obj
d:\workbench\portfolio\copymaple2\engine\default\x64\debug\timer.obj
d:\workbench\portfolio\copymaple2\engine\default\x64\debug\texture.obj
d:\workbench\portfolio\copymaple2\engine\default\x64\debug\statemachine.obj
d:\workbench\portfolio\copymaple2\engine\default\x64\debug\state.obj
d:\workbench\portfolio\copymaple2\engine\default\x64\debug\shader.obj
d:\workbench\portfolio\copymaple2\engine\default\x64\debug\rendertarget_manager.obj
d:\workbench\portfolio\copymaple2\engine\default\x64\debug\rendertarget.obj
d:\workbench\portfolio\copymaple2\engine\default\x64\debug\renderer.obj
d:\workbench\portfolio\copymaple2\engine\default\x64\debug\rect_transform.obj
d:\workbench\portfolio\copymaple2\engine\default\x64\debug\collider_cylinder.obj
d:\workbench\portfolio\copymaple2\engine\default\x64\debug\objectpool.obj
d:\workbench\portfolio\copymaple2\engine\bin\shader_deferred.cso
d:\workbench\portfolio\copymaple2\engine\bin\engine.dll
d:\workbench\portfolio\copymaple2\engine\bin\engine.pdb
d:\workbench\portfolio\copymaple2\engine\default\x64\debug\engine.res
d:\workbench\portfolio\copymaple2\engine\bin\engine.lib
d:\workbench\portfolio\copymaple2\engine\bin\engine.exp
d:\workbench\portfolio\copymaple2\engine\default\x64\debug\engine.ilk
d:\workbench\portfolio\copymaple2\engine\default\x64\debug\gameobject.obj.enc
d:\workbench\portfolio\copymaple2\engine\default\x64\debug\texture.obj.enc
d:\workbench\portfolio\copymaple2\engine\default\x64\debug\engine.tlog\cl.command.1.tlog
d:\workbench\portfolio\copymaple2\engine\default\x64\debug\engine.tlog\cl.items.tlog
d:\workbench\portfolio\copymaple2\engine\default\x64\debug\engine.tlog\cl.read.1.tlog
d:\workbench\portfolio\copymaple2\engine\default\x64\debug\engine.tlog\cl.write.1.tlog
d:\workbench\portfolio\copymaple2\engine\default\x64\debug\engine.tlog\fxc.command.1.tlog
d:\workbench\portfolio\copymaple2\engine\default\x64\debug\engine.tlog\fxc.read.1.tlog
d:\workbench\portfolio\copymaple2\engine\default\x64\debug\engine.tlog\fxc.write.1.tlog
d:\workbench\portfolio\copymaple2\engine\default\x64\debug\engine.tlog\link.command.1.tlog
d:\workbench\portfolio\copymaple2\engine\default\x64\debug\engine.tlog\link.read.1.tlog
d:\workbench\portfolio\copymaple2\engine\default\x64\debug\engine.tlog\link.secondary.1.tlog
d:\workbench\portfolio\copymaple2\engine\default\x64\debug\engine.tlog\link.write.1.tlog
d:\workbench\portfolio\copymaple2\engine\default\x64\debug\engine.tlog\rc.command.1.tlog
d:\workbench\portfolio\copymaple2\engine\default\x64\debug\engine.tlog\rc.read.1.tlog
d:\workbench\portfolio\copymaple2\engine\default\x64\debug\engine.tlog\rc.write.1.tlog
