  UIManager.cpp
D:\Workbench\Portfolio\CopyMaple2\Engine\Public\Engine_Struct.h(25,2): warning C5208: typedef 이름에 사용되는 명명되지 않은 클래스가 비정적 데이터 멤버, 멤버 열거형 또는 멤버 클래스 이외의 멤버를 선언할 수 없습니다.
  (소스 파일 '../Private/UIManager.cpp'을(를) 컴파일하는 중)
  
D:\Workbench\Portfolio\CopyMaple2\Engine\Public\Engine_Struct.h(34,2): warning C5208: typedef 이름에 사용되는 명명되지 않은 클래스가 비정적 데이터 멤버, 멤버 열거형 또는 멤버 클래스 이외의 멤버를 선언할 수 없습니다.
  (소스 파일 '../Private/UIManager.cpp'을(를) 컴파일하는 중)
  
D:\Workbench\Portfolio\CopyMaple2\Engine\Public\Transform.h(17,2): warning C5208: typedef 이름에 사용되는 명명되지 않은 클래스가 비정적 데이터 멤버, 멤버 열거형 또는 멤버 클래스 이외의 멤버를 선언할 수 없습니다.
  (소스 파일 '../Private/UIManager.cpp'을(를) 컴파일하는 중)
  
D:\Workbench\Portfolio\CopyMaple2\Engine\Public\GameObject.h(10,17): warning C5208: typedef 이름에 사용되는 명명되지 않은 클래스가 비정적 데이터 멤버, 멤버 열거형 또는 멤버 클래스 이외의 멤버를 선언할 수 없습니다.
  (소스 파일 '../Private/UIManager.cpp'을(를) 컴파일하는 중)
  
D:\Workbench\Portfolio\CopyMaple2\Engine\Public\UIObject.h(19,17): warning C5208: typedef 이름에 사용되는 명명되지 않은 클래스가 비정적 데이터 멤버, 멤버 열거형 또는 멤버 클래스 이외의 멤버를 선언할 수 없습니다.
  (소스 파일 '../Private/UIManager.cpp'을(를) 컴파일하는 중)
  
  UIObject.cpp
D:\Workbench\Portfolio\CopyMaple2\Engine\Public\Engine_Struct.h(25,2): warning C5208: typedef 이름에 사용되는 명명되지 않은 클래스가 비정적 데이터 멤버, 멤버 열거형 또는 멤버 클래스 이외의 멤버를 선언할 수 없습니다.
  (소스 파일 '../private/UIObject.cpp'을(를) 컴파일하는 중)
  
D:\Workbench\Portfolio\CopyMaple2\Engine\Public\Engine_Struct.h(34,2): warning C5208: typedef 이름에 사용되는 명명되지 않은 클래스가 비정적 데이터 멤버, 멤버 열거형 또는 멤버 클래스 이외의 멤버를 선언할 수 없습니다.
  (소스 파일 '../private/UIObject.cpp'을(를) 컴파일하는 중)
  
D:\Workbench\Portfolio\CopyMaple2\Engine\Public\Transform.h(17,2): warning C5208: typedef 이름에 사용되는 명명되지 않은 클래스가 비정적 데이터 멤버, 멤버 열거형 또는 멤버 클래스 이외의 멤버를 선언할 수 없습니다.
  (소스 파일 '../private/UIObject.cpp'을(를) 컴파일하는 중)
  
D:\Workbench\Portfolio\CopyMaple2\Engine\Public\GameObject.h(10,17): warning C5208: typedef 이름에 사용되는 명명되지 않은 클래스가 비정적 데이터 멤버, 멤버 열거형 또는 멤버 클래스 이외의 멤버를 선언할 수 없습니다.
  (소스 파일 '../private/UIObject.cpp'을(를) 컴파일하는 중)
  
D:\Workbench\Portfolio\CopyMaple2\Engine\Public\UIObject.h(19,17): warning C5208: typedef 이름에 사용되는 명명되지 않은 클래스가 비정적 데이터 멤버, 멤버 열거형 또는 멤버 클래스 이외의 멤버를 선언할 수 없습니다.
  (소스 파일 '../private/UIObject.cpp'을(를) 컴파일하는 중)
  
D:\Workbench\Portfolio\CopyMaple2\Engine\private\UIObject.cpp(78,120): warning C4244: '인수': 'double'에서 'float'(으)로 변환하면서 데이터가 손실될 수 있습니다.
D:\Workbench\Portfolio\CopyMaple2\Engine\private\UIObject.cpp(78,82): warning C4244: '인수': 'double'에서 'float'(으)로 변환하면서 데이터가 손실될 수 있습니다.
D:\Workbench\Portfolio\CopyMaple2\Engine\private\UIObject.cpp(211,100): warning C4244: '인수': 'double'에서 'float'(으)로 변환하면서 데이터가 손실될 수 있습니다.
D:\Workbench\Portfolio\CopyMaple2\Engine\private\UIObject.cpp(211,47): warning C4244: '인수': 'double'에서 'float'(으)로 변환하면서 데이터가 손실될 수 있습니다.
  코드를 생성하고 있습니다...
  Engine.vcxproj -> D:\Workbench\Portfolio\CopyMaple2\Engine\Bin\Engine.dll
  '//'은(는) 내부 또는 외부 명령, 실행할 수 있는 프로그램, 또는
  배치 파일이 아닙니다.
  .\Engine\Bin\Engine.dll
  1개 파일이 복사되었습니다.
  .\Engine\Bin\Engine.lib
  1개 파일이 복사되었습니다.
  .\Engine\Public\Base.h
  .\Engine\Public\Camera.h
  .\Engine\Public\Component.h
  .\Engine\Public\Controller.h
  .\Engine\Public\Engine_Defines.h
  .\Engine\Public\Engine_Function.h
  .\Engine\Public\Engine_Macro.h
  .\Engine\Public\Engine_Struct.cpp
  .\Engine\Public\Engine_Struct.h
  .\Engine\Public\Engine_Typedef.h
  .\Engine\Public\GameInstance.h
  .\Engine\Public\GameObject.h
  .\Engine\Public\Graphic_Device.h
  .\Engine\Public\Input_Device.h
  .\Engine\Public\Layer.h
  .\Engine\Public\Level.h
  .\Engine\Public\Level_Manager.h
  .\Engine\Public\Object_Manager.h
  .\Engine\Public\PipeLine.h
  .\Engine\Public\Prototype_Manager.h
  .\Engine\Public\Renderer.h
  .\Engine\Public\Shader.h
  .\Engine\Public\Texture.h
  .\Engine\Public\Timer.h
  .\Engine\Public\Timer_Manager.h
  .\Engine\Public\Transform.h
  .\Engine\Public\UIManager.h
  .\Engine\Public\UIObject.h
  .\Engine\Public\VIBuffer.h
  .\Engine\Public\VIBuffer_Rect.h
  .\Engine\Public\VIBuffer_Terrain.h
  .\Engine\Public\DirectXTK\Audio.h
  .\Engine\Public\DirectXTK\CommonStates.h
  .\Engine\Public\DirectXTK\DDSTextureLoader.h
  .\Engine\Public\DirectXTK\DirectXHelpers.h
  .\Engine\Public\DirectXTK\Effects.h
  .\Engine\Public\DirectXTK\GamePad.h
  .\Engine\Public\DirectXTK\GeometricPrimitive.h
  .\Engine\Public\DirectXTK\GraphicsMemory.h
  .\Engine\Public\DirectXTK\Keyboard.h
  .\Engine\Public\DirectXTK\Model.h
  .\Engine\Public\DirectXTK\Mouse.h
  .\Engine\Public\DirectXTK\PostProcess.h
  .\Engine\Public\DirectXTK\PrimitiveBatch.h
  .\Engine\Public\DirectXTK\ScreenGrab.h
  .\Engine\Public\DirectXTK\SimpleMath.h
  .\Engine\Public\DirectXTK\SimpleMath.inl
  .\Engine\Public\DirectXTK\SpriteBatch.h
  .\Engine\Public\DirectXTK\SpriteFont.h
  .\Engine\Public\DirectXTK\VertexTypes.h
  .\Engine\Public\DirectXTK\WICTextureLoader.h
  .\Engine\Public\DirectXTK\XboxDDSTextureLoader.h
  .\Engine\Public\Effects11\d3dx11effect.h
  .\Engine\Public\Effects11\d3dxGlobal.h
  54개 파일이 복사되었습니다.
